TN:
SF:src\errors\AppError.ts
FN:6,AppError
FNF:1
FNH:1
FNDA:2,AppError
DA:1,1
DA:2,1
DA:3,1
DA:4,1
DA:5,1
DA:6,1
DA:7,2
DA:8,2
DA:9,2
DA:10,1
LF:10
LH:10
BRDA:6,0,0,2
BRF:1
BRH:1
end_of_record
TN:
SF:src\modules\accounts\entities\User.ts
FN:30,User
FNF:1
FNH:1
FNDA:1,User
DA:1,1
DA:2,1
DA:3,1
DA:4,1
DA:5,1
DA:6,1
DA:7,1
DA:8,1
DA:9,1
DA:10,1
DA:11,1
DA:12,1
DA:13,1
DA:14,1
DA:15,1
DA:16,1
DA:17,1
DA:18,1
DA:19,1
DA:20,1
DA:21,1
DA:22,1
DA:23,1
DA:24,1
DA:25,1
DA:26,1
DA:27,1
DA:28,1
DA:29,1
DA:30,1
DA:31,1
DA:32,1
DA:33,1
DA:34,1
DA:35,1
LF:35
LH:35
BRDA:30,0,0,1
BRF:1
BRH:1
end_of_record
TN:
SF:src\modules\accounts\repositories\in-memory\UsersRepositoryInMemory.ts
FN:5,UserRepositoryInMemory
FN:7,create
FN:24,findByEmail
FN:27,findById
FNF:4
FNH:3
FNDA:3,UserRepositoryInMemory
FNDA:1,create
FNDA:4,findByEmail
FNDA:0,findById
DA:1,1
DA:2,1
DA:3,1
DA:4,1
DA:5,3
DA:6,3
DA:7,3
DA:8,1
DA:9,1
DA:10,1
DA:11,1
DA:12,1
DA:13,1
DA:14,1
DA:15,1
DA:16,1
DA:17,1
DA:18,1
DA:19,1
DA:20,1
DA:21,1
DA:22,1
DA:23,1
DA:24,3
DA:25,4
DA:26,4
DA:27,3
DA:28,0
DA:29,0
DA:30,3
DA:31,1
DA:32,1
LF:32
LH:30
BRDA:5,0,0,3
BRDA:7,1,0,1
BRDA:24,2,0,4
BRDA:25,3,0,1
BRF:4
BRH:4
end_of_record
TN:
SF:src\modules\accounts\useCases\authenticateUser\AuthenticateUserUseCase.ts
FN:22,AuthenticateUserUseCase
FN:27,execute
FNF:2
FNH:2
FNDA:3,AuthenticateUserUseCase
FNDA:2,execute
DA:1,1
DA:2,1
DA:3,1
DA:4,1
DA:5,1
DA:6,1
DA:7,1
DA:8,1
DA:9,1
DA:10,1
DA:11,1
DA:12,1
DA:13,1
DA:14,1
DA:15,1
DA:16,1
DA:17,1
DA:18,1
DA:19,1
DA:20,1
DA:21,1
DA:22,1
DA:23,3
DA:24,3
DA:25,3
DA:26,1
DA:27,1
DA:28,2
DA:29,2
DA:30,2
DA:31,1
DA:32,1
DA:33,1
DA:34,1
DA:35,1
DA:36,2
DA:37,0
DA:38,0
DA:39,1
DA:40,1
DA:41,1
DA:42,1
DA:43,1
DA:44,1
DA:45,1
DA:46,1
DA:47,1
DA:48,1
DA:49,1
DA:50,1
DA:51,1
DA:52,1
DA:53,1
DA:54,1
DA:55,1
LF:55
LH:53
BRDA:22,0,0,3
BRDA:27,1,0,2
BRDA:30,2,0,1
BRDA:36,3,0,0
BRDA:39,4,0,1
BRF:5
BRH:4
end_of_record
TN:
SF:src\modules\accounts\useCases\createUser\CreateUserUseCase.ts
FN:9,CreateUserUseCase
FN:14,execute
FNF:2
FNH:2
FNDA:3,CreateUserUseCase
FNDA:2,execute
DA:1,1
DA:2,1
DA:3,1
DA:4,1
DA:5,1
DA:6,1
DA:7,1
DA:8,1
DA:9,1
DA:10,3
DA:11,3
DA:12,3
DA:13,1
DA:14,1
DA:15,2
DA:16,2
DA:17,2
DA:18,2
DA:19,2
DA:20,2
DA:21,2
DA:22,2
DA:23,2
DA:24,2
DA:25,2
DA:26,2
DA:27,2
DA:28,2
DA:29,2
DA:30,2
DA:31,2
DA:32,2
DA:33,1
DA:34,1
DA:35,1
LF:35
LH:35
BRDA:9,0,0,3
BRDA:14,1,0,2
BRDA:22,2,0,0
BRF:3
BRH:2
end_of_record
TN:
SF:src\modules\cars\entities\Category.ts
FN:18,Category
FNF:1
FNH:1
FNDA:2,Category
DA:1,1
DA:2,1
DA:3,1
DA:4,1
DA:5,1
DA:6,1
DA:7,1
DA:8,1
DA:9,1
DA:10,1
DA:11,1
DA:12,1
DA:13,1
DA:14,1
DA:15,1
DA:16,1
DA:17,1
DA:18,1
DA:19,2
DA:20,2
DA:21,2
DA:22,2
DA:23,1
DA:24,1
DA:25,1
LF:25
LH:25
BRDA:18,0,0,2
BRF:1
BRH:1
end_of_record
TN:
SF:src\modules\cars\repositories\in-memory\CategoriesRepositoryInMemory.ts
FN:7,CategoriesRepositoryInMemory
FN:10,findByName
FN:14,list
FN:18,create
FNF:4
FNH:3
FNDA:2,CategoriesRepositoryInMemory
FNDA:4,findByName
FNDA:0,list
FNDA:2,create
DA:1,1
DA:2,1
DA:3,1
DA:4,1
DA:5,1
DA:6,1
DA:7,2
DA:8,2
DA:9,2
DA:10,2
DA:11,4
DA:12,4
DA:13,4
DA:14,2
DA:15,0
DA:16,0
DA:17,0
DA:18,2
DA:19,2
DA:20,2
DA:21,2
DA:22,2
DA:23,2
DA:24,2
DA:25,2
DA:26,1
DA:27,1
LF:27
LH:24
BRDA:7,0,0,2
BRDA:10,1,0,4
BRDA:11,2,0,2
BRDA:18,3,0,2
BRF:4
BRH:4
end_of_record
TN:
SF:src\modules\cars\useCases\createCategory\CreateCategoryUseCase.ts
FN:12,CreateCategoryUseCase
FN:17,execute
FNF:2
FNH:2
FNDA:2,CreateCategoryUseCase
FNDA:3,execute
DA:1,1
DA:2,1
DA:3,1
DA:4,1
DA:5,1
DA:6,1
DA:7,1
DA:8,1
DA:9,1
DA:10,1
DA:11,1
DA:12,1
DA:13,2
DA:14,2
DA:15,2
DA:16,1
DA:17,1
DA:18,3
DA:19,3
DA:20,3
DA:21,3
DA:22,3
DA:23,1
DA:24,1
DA:25,3
DA:26,3
DA:27,3
DA:28,1
DA:29,1
DA:30,1
LF:30
LH:30
BRDA:12,0,0,2
BRDA:17,1,0,3
BRDA:22,2,0,1
BRF:3
BRH:3
end_of_record
